nohup: ignoring input
[2025-06-14 02:57:08 +0000] [10461] [INFO] Starting gunicorn 23.0.0
[2025-06-14 02:57:08 +0000] [10461] [INFO] Listening at: http://0.0.0.0:8000 (10461)
[2025-06-14 02:57:08 +0000] [10461] [INFO] Using worker: sync
[2025-06-14 02:57:08 +0000] [10462] [INFO] Booting worker with pid: 10462
INFO 2025-06-14 02:57:11,874 logging_middleware 10462 124562373742720 Request: GET /
INFO 2025-06-14 02:57:11,874 logging_middleware 10462 124562373742720 Request: GET /
DEBUG 2025-06-14 02:57:12,688 urls 10462 124562373742720 Registering URL Pattern: ([<URLPattern '' [name='index']>, <URLPattern 'login/' [name='login']>, <URLPattern 'logout/' [name='logout']>, <URLPattern 'password_change/' [name='password_change']>, <URLPattern 'password_change/done/' [name='password_change_done']>, <URLPattern 'autocomplete/' [name='autocomplete']>, <URLPattern 'jsi18n/' [name='jsi18n']>, <URLPattern 'r/<int:content_type_id>/<path:object_id>/' [name='view_on_site']>, <URLResolver <URLPattern list> (None:None) 'auth/group/'>, <URLResolver <URLPattern list> (None:None) 'registration/organization/'>, <URLResolver <URLPattern list> (None:None) 'registration/class/'>, <URLResolver <URLPattern list> (None:None) 'registration/section/'>, <URLResolver <URLPattern list> (None:None) 'registration/course/'>, <URLResolver <URLPattern list> (None:None) 'registration/faculty/'>, <URLResolver <URLPattern list> (None:None) 'registration/student/'>, <URLResolver <URLPattern list> (None:None) 'registration/enrollment/'>, <URLResolver <URLPattern list> (None:None) 'registration/grade/'>, <URLPattern '^(?P<app_label>auth|registration)/$' [name='app_list']>, <URLPattern '(?P<url>.*)$'>], 'admin', 'custom_admin') (Name: admin)
DEBUG 2025-06-14 02:57:12,688 urls 10462 124562373742720 Registering URL Pattern: ([<URLPattern '' [name='index']>, <URLPattern 'login/' [name='login']>, <URLPattern 'logout/' [name='logout']>, <URLPattern 'password_change/' [name='password_change']>, <URLPattern 'password_change/done/' [name='password_change_done']>, <URLPattern 'autocomplete/' [name='autocomplete']>, <URLPattern 'jsi18n/' [name='jsi18n']>, <URLPattern 'r/<int:content_type_id>/<path:object_id>/' [name='view_on_site']>, <URLResolver <URLPattern list> (None:None) 'auth/group/'>, <URLResolver <URLPattern list> (None:None) 'registration/organization/'>, <URLResolver <URLPattern list> (None:None) 'registration/class/'>, <URLResolver <URLPattern list> (None:None) 'registration/section/'>, <URLResolver <URLPattern list> (None:None) 'registration/course/'>, <URLResolver <URLPattern list> (None:None) 'registration/faculty/'>, <URLResolver <URLPattern list> (None:None) 'registration/student/'>, <URLResolver <URLPattern list> (None:None) 'registration/enrollment/'>, <URLResolver <URLPattern list> (None:None) 'registration/grade/'>, <URLPattern '^(?P<app_label>auth|registration)/$' [name='app_list']>, <URLPattern '(?P<url>.*)$'>], 'admin', 'custom_admin') (Name: admin)
DEBUG 2025-06-14 02:57:12,699 urls 10462 124562373742720 Registering URL Pattern: <function View.as_view.<locals>.view at 0x7149e6327420> (Name: login)
DEBUG 2025-06-14 02:57:12,699 urls 10462 124562373742720 Registering URL Pattern: <function View.as_view.<locals>.view at 0x7149e6327420> (Name: login)
DEBUG 2025-06-14 02:57:12,699 urls 10462 124562373742720 Registering URL Pattern: <function View.as_view.<locals>.view at 0x7149e6327600> (Name: logout)
DEBUG 2025-06-14 02:57:12,699 urls 10462 124562373742720 Registering URL Pattern: <function View.as_view.<locals>.view at 0x7149e6327600> (Name: logout)
DEBUG 2025-06-14 02:57:12,699 urls 10462 124562373742720 Registering URL Pattern: <function View.as_view.<locals>.view at 0x7149e6327740> (Name: user-info)
DEBUG 2025-06-14 02:57:12,699 urls 10462 124562373742720 Registering URL Pattern: <function View.as_view.<locals>.view at 0x7149e6327740> (Name: user-info)
DEBUG 2025-06-14 02:57:12,699 urls 10462 124562373742720 Registering URL Pattern: <function View.as_view.<locals>.view at 0x7149e6327880> (Name: token_refresh)
DEBUG 2025-06-14 02:57:12,699 urls 10462 124562373742720 Registering URL Pattern: <function View.as_view.<locals>.view at 0x7149e6327880> (Name: token_refresh)
DEBUG 2025-06-14 02:57:12,699 urls 10462 124562373742720 Registering URL Pattern: <function View.as_view.<locals>.view at 0x7149e6327b00> (Name: admin-dashboard)
DEBUG 2025-06-14 02:57:12,699 urls 10462 124562373742720 Registering URL Pattern: <function View.as_view.<locals>.view at 0x7149e6327b00> (Name: admin-dashboard)
DEBUG 2025-06-14 02:57:12,699 urls 10462 124562373742720 Registering URL Pattern: <function View.as_view.<locals>.view at 0x7149e6327c40> (Name: student-dashboard)
DEBUG 2025-06-14 02:57:12,699 urls 10462 124562373742720 Registering URL Pattern: <function View.as_view.<locals>.view at 0x7149e6327c40> (Name: student-dashboard)
DEBUG 2025-06-14 02:57:12,699 urls 10462 124562373742720 Registering URL Pattern: <function View.as_view.<locals>.view at 0x7149e6327d80> (Name: faculty-dashboard)
DEBUG 2025-06-14 02:57:12,699 urls 10462 124562373742720 Registering URL Pattern: <function View.as_view.<locals>.view at 0x7149e6327d80> (Name: faculty-dashboard)
DEBUG 2025-06-14 02:57:12,699 urls 10462 124562373742720 Registering URL Pattern: <function View.as_view.<locals>.view at 0x7149e6327ec0> (Name: registration-request)
DEBUG 2025-06-14 02:57:12,699 urls 10462 124562373742720 Registering URL Pattern: <function View.as_view.<locals>.view at 0x7149e6327ec0> (Name: registration-request)
DEBUG 2025-06-14 02:57:12,699 urls 10462 124562373742720 Registering URL Pattern: <function View.as_view.<locals>.view at 0x7149e63400e0> (Name: registration-request-list)
DEBUG 2025-06-14 02:57:12,699 urls 10462 124562373742720 Registering URL Pattern: <function View.as_view.<locals>.view at 0x7149e63400e0> (Name: registration-request-list)
DEBUG 2025-06-14 02:57:12,700 urls 10462 124562373742720 Registering URL Pattern: <function View.as_view.<locals>.view at 0x7149e63402c0> (Name: registration-request-detail)
DEBUG 2025-06-14 02:57:12,700 urls 10462 124562373742720 Registering URL Pattern: <function View.as_view.<locals>.view at 0x7149e63402c0> (Name: registration-request-detail)
DEBUG 2025-06-14 02:57:12,700 urls 10462 124562373742720 Registering URL Pattern: <function View.as_view.<locals>.view at 0x7149e6340400> (Name: registration-request-approve)
DEBUG 2025-06-14 02:57:12,700 urls 10462 124562373742720 Registering URL Pattern: <function View.as_view.<locals>.view at 0x7149e6340400> (Name: registration-request-approve)
DEBUG 2025-06-14 02:57:12,700 urls 10462 124562373742720 Registering URL Pattern: <function View.as_view.<locals>.view at 0x7149e6340540> (Name: registration-request-reject)
DEBUG 2025-06-14 02:57:12,700 urls 10462 124562373742720 Registering URL Pattern: <function View.as_view.<locals>.view at 0x7149e6340540> (Name: registration-request-reject)
DEBUG 2025-06-14 02:57:12,700 urls 10462 124562373742720 Registering URL Pattern: (<module 'registration.urls' from '/home/ubuntu/student_registration_app/backend/registration/urls.py'>, None, None) (Name: api_routes)
DEBUG 2025-06-14 02:57:12,700 urls 10462 124562373742720 Registering URL Pattern: (<module 'registration.urls' from '/home/ubuntu/student_registration_app/backend/registration/urls.py'>, None, None) (Name: api_routes)
INFO 2025-06-14 02:57:12,730 logging_middleware 10462 124562373742720 Response: GET / 200 (0.86s)
INFO 2025-06-14 02:57:12,730 logging_middleware 10462 124562373742720 Response: GET / 200 (0.86s)
INFO 2025-06-14 02:57:16,643 logging_middleware 10462 124562373742720 Request: GET /admin
INFO 2025-06-14 02:57:16,643 logging_middleware 10462 124562373742720 Request: GET /admin
INFO 2025-06-14 02:57:16,649 logging_middleware 10462 124562373742720 Response: GET /admin 404 (0.01s)
INFO 2025-06-14 02:57:16,649 logging_middleware 10462 124562373742720 Response: GET /admin 404 (0.01s)
INFO 2025-06-14 02:57:16,680 logging_middleware 10462 124562373742720 Request: GET /admin/
INFO 2025-06-14 02:57:16,680 logging_middleware 10462 124562373742720 Request: GET /admin/
INFO 2025-06-14 02:57:16,691 logging_middleware 10462 124562373742720 Response: GET /admin/ 302 (0.01s)
INFO 2025-06-14 02:57:16,691 logging_middleware 10462 124562373742720 Response: GET /admin/ 302 (0.01s)
INFO 2025-06-14 02:57:16,741 logging_middleware 10462 124562373742720 Request: GET /admin/login/?next=/admin/
INFO 2025-06-14 02:57:16,741 logging_middleware 10462 124562373742720 Request: GET /admin/login/?next=/admin/
INFO 2025-06-14 02:57:16,765 logging_middleware 10462 124562373742720 Response: GET /admin/login/?next=/admin/ 200 (0.02s)
INFO 2025-06-14 02:57:16,765 logging_middleware 10462 124562373742720 Response: GET /admin/login/?next=/admin/ 200 (0.02s)
INFO 2025-06-14 02:58:46,026 logging_middleware 10462 124562373742720 Request: GET /admin/login/?next=/admin/
INFO 2025-06-14 02:58:46,026 logging_middleware 10462 124562373742720 Request: GET /admin/login/?next=/admin/
INFO 2025-06-14 02:58:46,047 logging_middleware 10462 124562373742720 Response: GET /admin/login/?next=/admin/ 200 (0.02s)
INFO 2025-06-14 02:58:46,047 logging_middleware 10462 124562373742720 Response: GET /admin/login/?next=/admin/ 200 (0.02s)
INFO 2025-06-14 03:02:31,195 logging_middleware 10462 124562373742720 Request: HEAD /
INFO 2025-06-14 03:02:31,195 logging_middleware 10462 124562373742720 Request: HEAD /
INFO 2025-06-14 03:02:31,200 logging_middleware 10462 124562373742720 Response: HEAD / 200 (0.01s)
INFO 2025-06-14 03:02:31,200 logging_middleware 10462 124562373742720 Response: HEAD / 200 (0.01s)
INFO 2025-06-14 03:02:32,309 logging_middleware 10462 124562373742720 Request: GET /
INFO 2025-06-14 03:02:32,309 logging_middleware 10462 124562373742720 Request: GET /
INFO 2025-06-14 03:02:32,319 logging_middleware 10462 124562373742720 Response: GET / 200 (0.01s)
INFO 2025-06-14 03:02:32,319 logging_middleware 10462 124562373742720 Response: GET / 200 (0.01s)
[2025-06-14 03:06:37 +0000] [10461] [INFO] Handling signal: term
[2025-06-14 03:06:37 +0000] [10462] [INFO] Worker exiting (pid: 10462)
Using console email backend. Emails will be printed to console.
[2025-06-14 03:06:38 +0000] [10461] [INFO] Shutting down: Master
